# JRE version: Java(TM) SE Runtime Environment (8.0_131-b11) (build 1.8.0_131-b11)
# Java VM: Java HotSpot(TM) 64-Bit Server VM (25.131-b11 mixed mode windows-amd64 compressed oops)
Heap:
 PSYoungGen      total 100864K, used 51061K [0x00000000ead80000, 0x00000000f4100000, 0x0000000100000000)
  eden space 58880K, 53% used [0x00000000ead80000,0x00000000ecc2b780,0x00000000ee700000)
  from space 41984K, 46% used [0x00000000f1800000,0x00000000f2b31e90,0x00000000f4100000)
  to   space 46080K, 0% used [0x00000000ee700000,0x00000000ee700000,0x00000000f1400000)
 ParOldGen       total 125440K, used 46254K [0x00000000c0800000, 0x00000000c8280000, 0x00000000ead80000)
  object space 125440K, 36% used [0x00000000c0800000,0x00000000c352b9c8,0x00000000c8280000)
 Metaspace       used 12813K, capacity 13070K, committed 13312K, reserved 1060864K
  class space    used 1593K, capacity 1680K, committed 1792K, reserved 1048576K
GC Heap History (10 events):
Event: 3.753 GC heap before
{Heap before GC invocations=4 (full 1):
 PSYoungGen      total 27136K, used 27114K [0x00000000ead80000, 0x00000000ed280000, 0x0000000100000000)
  eden space 24576K, 100% used [0x00000000ead80000,0x00000000ec580000,0x00000000ec580000)
  from space 2560K, 99% used [0x00000000ed000000,0x00000000ed27ab00,0x00000000ed280000)
  to   space 2560K, 0% used [0x00000000ecd80000,0x00000000ecd80000,0x00000000ed000000)
 ParOldGen       total 57344K, used 17520K [0x00000000c0800000, 0x00000000c4000000, 0x00000000ead80000)
  object space 57344K, 30% used [0x00000000c0800000,0x00000000c191c200,0x00000000c4000000)
 Metaspace       used 12154K, capacity 12390K, committed 12672K, reserved 1060864K
  class space    used 1558K, capacity 1648K, committed 1664K, reserved 1048576K
Event: 3.761 GC heap after
Heap after GC invocations=4 (full 1):
 PSYoungGen      total 35328K, used 2536K [0x00000000ead80000, 0x00000000ed400000, 0x0000000100000000)
  eden space 32768K, 0% used [0x00000000ead80000,0x00000000ead80000,0x00000000ecd80000)
  from space 2560K, 99% used [0x00000000ecd80000,0x00000000ecffa148,0x00000000ed000000)
  to   space 2560K, 0% used [0x00000000ed180000,0x00000000ed180000,0x00000000ed400000)
 ParOldGen       total 57344K, used 27981K [0x00000000c0800000, 0x00000000c4000000, 0x00000000ead80000)
  object space 57344K, 48% used [0x00000000c0800000,0x00000000c2353648,0x00000000c4000000)
 Metaspace       used 12154K, capacity 12390K, committed 12672K, reserved 1060864K
  class space    used 1558K, capacity 1648K, committed 1664K, reserved 1048576K
}
Event: 3.847 GC heap before
{Heap before GC invocations=5 (full 1):
 PSYoungGen      total 35328K, used 35304K [0x00000000ead80000, 0x00000000ed400000, 0x0000000100000000)
  eden space 32768K, 100% used [0x00000000ead80000,0x00000000ecd80000,0x00000000ecd80000)
  from space 2560K, 99% used [0x00000000ecd80000,0x00000000ecffa148,0x00000000ed000000)
  to   space 2560K, 0% used [0x00000000ed180000,0x00000000ed180000,0x00000000ed400000)
 ParOldGen       total 57344K, used 27981K [0x00000000c0800000, 0x00000000c4000000, 0x00000000ead80000)
  object space 57344K, 48% used [0x00000000c0800000,0x00000000c2353648,0x00000000c4000000)
 Metaspace       used 12154K, capacity 12390K, committed 12672K, reserved 1060864K
  class space    used 1558K, capacity 1648K, committed 1664K, reserved 1048576K
Event: 3.882 GC heap after
Heap after GC invocations=5 (full 1):
 PSYoungGen      total 36864K, used 2538K [0x00000000ead80000, 0x00000000ee900000, 0x0000000100000000)
  eden space 34304K, 0% used [0x00000000ead80000,0x00000000ead80000,0x00000000ecf00000)
  from space 2560K, 99% used [0x00000000ed180000,0x00000000ed3fa858,0x00000000ed400000)
  to   space 2560K, 0% used [0x00000000ecf00000,0x00000000ecf00000,0x00000000ed180000)
 ParOldGen       total 89088K, used 76558K [0x00000000c0800000, 0x00000000c5f00000, 0x00000000ead80000)
  object space 89088K, 85% used [0x00000000c0800000,0x00000000c52c3be0,0x00000000c5f00000)
 Metaspace       used 12154K, capacity 12390K, committed 12672K, reserved 1060864K
  class space    used 1558K, capacity 1648K, committed 1664K, reserved 1048576K
}
Event: 3.882 GC heap before
{Heap before GC invocations=6 (full 2):
 PSYoungGen      total 36864K, used 2538K [0x00000000ead80000, 0x00000000ee900000, 0x0000000100000000)
  eden space 34304K, 0% used [0x00000000ead80000,0x00000000ead80000,0x00000000ecf00000)
  from space 2560K, 99% used [0x00000000ed180000,0x00000000ed3fa858,0x00000000ed400000)
  to   space 2560K, 0% used [0x00000000ecf00000,0x00000000ecf00000,0x00000000ed180000)
 ParOldGen       total 89088K, used 76558K [0x00000000c0800000, 0x00000000c5f00000, 0x00000000ead80000)
  object space 89088K, 85% used [0x00000000c0800000,0x00000000c52c3be0,0x00000000c5f00000)
 Metaspace       used 12154K, capacity 12390K, committed 12672K, reserved 1060864K
  class space    used 1558K, capacity 1648K, committed 1664K, reserved 1048576K
Event: 3.892 GC heap after
Heap after GC invocations=6 (full 2):
 PSYoungGen      total 36864K, used 0K [0x00000000ead80000, 0x00000000ee900000, 0x0000000100000000)
  eden space 34304K, 0% used [0x00000000ead80000,0x00000000ead80000,0x00000000ecf00000)
  from space 2560K, 0% used [0x00000000ed180000,0x00000000ed180000,0x00000000ed400000)
  to   space 2560K, 0% used [0x00000000ecf00000,0x00000000ecf00000,0x00000000ed180000)
 ParOldGen       total 125440K, used 46238K [0x00000000c0800000, 0x00000000c8280000, 0x00000000ead80000)
  object space 125440K, 36% used [0x00000000c0800000,0x00000000c35279c8,0x00000000c8280000)
 Metaspace       used 12154K, capacity 12390K, committed 12672K, reserved 1060864K
  class space    used 1558K, capacity 1648K, committed 1664K, reserved 1048576K
}
Event: 8.626 GC heap before
{Heap before GC invocations=7 (full 2):
 PSYoungGen      total 36864K, used 34304K [0x00000000ead80000, 0x00000000ee900000, 0x0000000100000000)
  eden space 34304K, 100% used [0x00000000ead80000,0x00000000ecf00000,0x00000000ecf00000)
  from space 2560K, 0% used [0x00000000ed180000,0x00000000ed180000,0x00000000ed400000)
  to   space 2560K, 0% used [0x00000000ecf00000,0x00000000ecf00000,0x00000000ed180000)
 ParOldGen       total 125440K, used 46238K [0x00000000c0800000, 0x00000000c8280000, 0x00000000ead80000)
  object space 125440K, 36% used [0x00000000c0800000,0x00000000c35279c8,0x00000000c8280000)
 Metaspace       used 12668K, capacity 12846K, committed 13184K, reserved 1060864K
  class space    used 1578K, capacity 1648K, committed 1664K, reserved 1048576K
Event: 8.627 GC heap after
Heap after GC invocations=7 (full 2):
 PSYoungGen      total 36864K, used 1568K [0x00000000ead80000, 0x00000000f4780000, 0x0000000100000000)
  eden space 34304K, 0% used [0x00000000ead80000,0x00000000ead80000,0x00000000ecf00000)
  from space 2560K, 61% used [0x00000000ecf00000,0x00000000ed0881b8,0x00000000ed180000)
  to   space 48640K, 0% used [0x00000000f1800000,0x00000000f1800000,0x00000000f4780000)
 ParOldGen       total 125440K, used 46246K [0x00000000c0800000, 0x00000000c8280000, 0x00000000ead80000)
  object space 125440K, 36% used [0x00000000c0800000,0x00000000c35299c8,0x00000000c8280000)
 Metaspace       used 12668K, capacity 12846K, committed 13184K, reserved 1060864K
  class space    used 1578K, capacity 1648K, committed 1664K, reserved 1048576K
}
Event: 12.140 GC heap before
{Heap before GC invocations=8 (full 2):
 PSYoungGen      total 36864K, used 35872K [0x00000000ead80000, 0x00000000f4780000, 0x0000000100000000)
  eden space 34304K, 100% used [0x00000000ead80000,0x00000000ecf00000,0x00000000ecf00000)
  from space 2560K, 61% used [0x00000000ecf00000,0x00000000ed0881b8,0x00000000ed180000)
  to   space 48640K, 0% used [0x00000000f1800000,0x00000000f1800000,0x00000000f4780000)
 ParOldGen       total 125440K, used 46246K [0x00000000c0800000, 0x00000000c8280000, 0x00000000ead80000)
  object space 125440K, 36% used [0x00000000c0800000,0x00000000c35299c8,0x00000000c8280000)
 Metaspace       used 12792K, capacity 13070K, committed 13312K, reserved 1060864K
  class space    used 1593K, capacity 1680K, committed 1792K, reserved 1048576K
Event: 12.148 GC heap after
Heap after GC invocations=8 (full 2):
 PSYoungGen      total 100864K, used 19655K [0x00000000ead80000, 0x00000000f4100000, 0x0000000100000000)
  eden space 58880K, 0% used [0x00000000ead80000,0x00000000ead80000,0x00000000ee700000)
  from space 41984K, 46% used [0x00000000f1800000,0x00000000f2b31e90,0x00000000f4100000)
  to   space 46080K, 0% used [0x00000000ee700000,0x00000000ee700000,0x00000000f1400000)
 ParOldGen       total 125440K, used 46254K [0x00000000c0800000, 0x00000000c8280000, 0x00000000ead80000)
  object space 125440K, 36% used [0x00000000c0800000,0x00000000c352b9c8,0x00000000c8280000)
 Metaspace       used 12792K, capacity 13070K, committed 13312K, reserved 1060864K
  class space    used 1593K, capacity 1680K, committed 1792K, reserved 1048576K
}

